<?xml version="1.0" encoding="UTF-8"?>
<!-- Generated by org.testng.reporters.JUnitReportReporter -->
<testsuite hostname="DESKTOP-06BCFN5" failures="0" tests="5" name="hw_13_12152021.UseOfDifferentMethods" time="10.717" errors="0" timestamp="2022-01-02T02:38:13 EST" skipped="0">
  <testcase classname="hw_13_12152021.UseOfDifferentMethods" name="getMethod" time="2.209"/>
  <system-out/>
  <testcase classname="hw_13_12152021.UseOfDifferentMethods" name="maximizeOrFullscreenMethod" time="0.214"/>
  <system-out/>
  <testcase classname="hw_13_12152021.UseOfDifferentMethods" name="deleteAllCookiesMethod" time="0.109"/>
  <system-out/>
  <testcase classname="hw_13_12152021.UseOfDifferentMethods" name="sleepMethod" time="3.003"/>
  <system-out/>
  <testcase classname="hw_13_12152021.UseOfDifferentMethods" name="clickMethod" time="5.182"/>
  <system-out/>
</testsuite> <!-- hw_13_12152021.UseOfDifferentMethods -->
