<?xml version="1.0" encoding="UTF-8"?>
<!-- Generated by org.testng.reporters.JUnitReportReporter -->
<testsuite hostname="DESKTOP-06BCFN5" failures="0" tests="6" name="hw_13_12152021.UseOfDifferentMethods" time="5.593" errors="0" timestamp="2021-12-21T03:54:04 EST" skipped="0">
  <testcase classname="hw_13_12152021.UseOfDifferentMethods" name="getMethod" time="1.929"/>
  <system-out/>
  <testcase classname="hw_13_12152021.UseOfDifferentMethods" name="maximizeOrFullscreenMethod" time="0.167"/>
  <system-out/>
  <testcase classname="hw_13_12152021.UseOfDifferentMethods" name="deleteAllCookiesMethod" time="0.094"/>
  <system-out/>
  <testcase classname="hw_13_12152021.UseOfDifferentMethods" name="sleepMethod" time="3.004"/>
  <system-out/>
  <testcase classname="hw_13_12152021.UseOfDifferentMethods" name="clickMethod" time="0.109"/>
  <system-out/>
  <testcase classname="hw_13_12152021.UseOfDifferentMethods" name="quitMethod" time="0.290"/>
  <system-out/>
</testsuite> <!-- hw_13_12152021.UseOfDifferentMethods -->
