<?xml version="1.0" encoding="UTF-8"?>
<!-- Generated by org.testng.reporters.JUnitReportReporter -->
<testsuite hostname="DESKTOP-06BCFN5" failures="0" tests="7" name="hw_14_12152021.UseOfDifferentMethods14" time="11.548" errors="0" timestamp="2022-01-05T03:30:03 EST" skipped="0">
  <testcase classname="hw_14_12152021.UseOfDifferentMethods14" name="logotest" time="0.105"/>
  <system-out/>
  <testcase classname="hw_14_12152021.UseOfDifferentMethods14" name="loginButtonTest" time="0.037"/>
  <system-out/>
  <testcase classname="hw_14_12152021.UseOfDifferentMethods14" name="customerSupportMethod" time="0.030"/>
  <system-out/>
  <testcase classname="hw_14_12152021.UseOfDifferentMethods14" name="passwordTest" time="8.314"/>
  <system-out/>
  <testcase classname="hw_14_12152021.UseOfDifferentMethods14" name="titleTest" time="3.013"/>
  <system-out/>
  <testcase classname="hw_14_12152021.UseOfDifferentMethods14" name="currentURLTest" time="0.012"/>
  <system-out/>
  <testcase classname="hw_14_12152021.UseOfDifferentMethods14" name="getTextTest" time="0.037"/>
  <system-out/>
</testsuite> <!-- hw_14_12152021.UseOfDifferentMethods14 -->
